Sending build context to Docker daemon  112.6kB
Step 1/19 : FROM ubuntu:18.04
18.04: Pulling from library/ubuntu
Digest: sha256:f08638ec7ddc90065187e7eabdfac3c96e5ff0f6b2f1762cf31a4f49b53000a5
Status: Image is up to date for ubuntu:18.04
 ---> 7698f282e524
Step 2/19 : LABEL maintainer "Ibrahim El Rhezzali <ibrahim.el@pm.me>"
 ---> Using cache
 ---> dac8788d7d94
Step 3/19 : ENV DEBIAN_FRONTEND noninteractive
 ---> Using cache
 ---> b4d48f4fc61c
Step 4/19 : RUN apt update && apt install -y 	apt-transport-https 	ca-certificates 	curl 	dirmngr 	gnupg 	git 	tar 	wget 	libcanberra-gtk-module 	libcanberra-gtk3-module 	libx11-xcb1 	libxtst6 	libnotify4 	libgl1-mesa-dri 	libgl1-mesa-glx 	libatomic1 	libc++1 	libappindicator1 	xdg-utils 	libpulse0 	apulse 	locales 	--no-install-recommends 	&& rm -rf /var/lib/apt/lists/*
 ---> Using cache
 ---> d41f82225827
Step 5/19 : RUN sed -i 's/^# *\(en_US.UTF-8\)/\1/' /etc/locale.gen 	&& locale-gen en_US.UTF-8 	&& localedef -i en_US -f UTF-8 en_US.UTF-8 	&& dpkg-reconfigure locales
 ---> Using cache
 ---> 3a85d8c8f492
Step 6/19 : ENV LANG="en_US.UTF-8"
 ---> Using cache
 ---> bf0f4afdd4c5
Step 7/19 : ENV LC_ALL="en_US.UTF-8"
 ---> Using cache
 ---> 2a71fbb411f9
Step 8/19 : ENV LANGUAGE="en_US.UTF-8"
 ---> Using cache
 ---> 74d786b6f254
Step 9/19 : RUN apt update && apt install -y 	npm 	nodejs	libxss1 	libnss3 	--no-install-recommends 	&& rm -rf /var/lib/apt/lists/*
 ---> Using cache
 ---> b1b00aa79ef0
Step 10/19 : COPY protonmail.png /usr/share/icons/
 ---> e24f9bfb2103
Step 11/19 : COPY ./electron /opt/protonmail
 ---> c9966176f801
Step 12/19 : ENV HOME /home/protonmail
 ---> Running in f2ff8fb9f9a7
Removing intermediate container f2ff8fb9f9a7
 ---> d617325849b4
Step 13/19 : RUN useradd --create-home --home-dir $HOME protonmail 	&& usermod -a -G audio,video protonmail 	&& chown -R protonmail:protonmail /opt/protonmail 	&& chown -R protonmail:protonmail $HOME
 ---> Running in 27ef9287895d
Removing intermediate container 27ef9287895d
 ---> eb7ae2c3c4f6
Step 14/19 : RUN su protonmail -c "cd /opt/protonmail && npm install && cd node_modules/electron && npm install"
 ---> Running in 1f79d489e069

> electron@6.0.0-wvvmp-beta.7 postinstall /opt/protonmail/node_modules/electron
> node install.js

ProtonMail@1.0.0 /opt/protonmail
└─┬ electron@6.0.0-wvvmp-beta.7  (git+https://github.com/castlabs/electron-releases.git#5b4716467259d17c67606cb22ad240c92d583871)
  ├── @types/node@8.10.49 
  ├─┬ electron-download@4.1.1 
  │ ├─┬ debug@3.2.6 
  │ │ └── ms@2.1.2 
  │ ├── env-paths@1.0.0 
  │ ├─┬ fs-extra@4.0.3 
  │ │ ├── graceful-fs@4.1.15 
  │ │ ├── jsonfile@4.0.0 
  │ │ └── universalify@0.1.2 
  │ ├── minimist@1.2.0 
  │ ├─┬ nugget@2.0.1 
  │ │ ├─┬ debug@2.6.9 
  │ │ │ └── ms@2.0.0 
  │ │ ├─┬ pretty-bytes@1.0.4 
  │ │ │ ├── get-stdin@4.0.1 
  │ │ │ └─┬ meow@3.7.0 
  │ │ │   ├─┬ camelcase-keys@2.1.0 
  │ │ │   │ └── camelcase@2.1.1 
  │ │ │   ├── decamelize@1.2.0 
  │ │ │   ├─┬ loud-rejection@1.6.0 
  │ │ │   │ ├─┬ currently-unhandled@0.4.1 
  │ │ │   │ │ └── array-find-index@1.0.2 
  │ │ │   │ └── signal-exit@3.0.2 
  │ │ │   ├── map-obj@1.0.1 
  │ │ │   ├─┬ normalize-package-data@2.5.0 
  │ │ │   │ ├── hosted-git-info@2.7.1 
  │ │ │   │ ├─┬ resolve@1.11.0 
  │ │ │   │ │ └── path-parse@1.0.6 
  │ │ │   │ └─┬ validate-npm-package-license@3.0.4 
  │ │ │   │   ├─┬ spdx-correct@3.1.0 
  │ │ │   │   │ └── spdx-license-ids@3.0.4 
  │ │ │   │   └─┬ spdx-expression-parse@3.0.0 
  │ │ │   │     └── spdx-exceptions@2.2.0 
  │ │ │   ├── object-assign@4.1.1 
  │ │ │   ├─┬ read-pkg-up@1.0.1 
  │ │ │   │ ├─┬ find-up@1.1.2 
  │ │ │   │ │ ├── path-exists@2.1.0 
  │ │ │   │ │ └─┬ pinkie-promise@2.0.1 
  │ │ │   │ │   └── pinkie@2.0.4 
  │ │ │   │ └─┬ read-pkg@1.1.0 
  │ │ │   │   ├─┬ load-json-file@1.1.0 
  │ │ │   │   │ ├─┬ parse-json@2.2.0 
  │ │ │   │   │ │ └─┬ error-ex@1.3.2 
  │ │ │   │   │ │   └── is-arrayish@0.2.1 
  │ │ │   │   │ ├── pify@2.3.0 
  │ │ │   │   │ └─┬ strip-bom@2.0.0 
  │ │ │   │   │   └── is-utf8@0.2.1 
  │ │ │   │   └── path-type@1.1.0 
  │ │ │   ├─┬ redent@1.0.0 
  │ │ │   │ ├─┬ indent-string@2.1.0 
  │ │ │   │ │ └─┬ repeating@2.0.1 
  │ │ │   │ │   └── is-finite@1.0.2 
  │ │ │   │ └── strip-indent@1.0.1 
  │ │ │   └── trim-newlines@1.0.0 
  │ │ ├─┬ progress-stream@1.2.0 
  │ │ │ ├── speedometer@0.1.4 
  │ │ │ └─┬ through2@0.2.3 
  │ │ │   ├─┬ readable-stream@1.1.14 
  │ │ │   │ ├── isarray@0.0.1 
  │ │ │   │ └── string_decoder@0.10.31 
  │ │ │   └─┬ xtend@2.1.2 
  │ │ │     └── object-keys@0.4.0 
  │ │ ├─┬ request@2.88.0 
  │ │ │ ├── aws-sign2@0.7.0 
  │ │ │ ├── aws4@1.8.0 
  │ │ │ ├── caseless@0.12.0 
  │ │ │ ├─┬ combined-stream@1.0.8 
  │ │ │ │ └── delayed-stream@1.0.0 
  │ │ │ ├── extend@3.0.2 
  │ │ │ ├── forever-agent@0.6.1 
  │ │ │ ├─┬ form-data@2.3.3 
  │ │ │ │ └── asynckit@0.4.0 
  │ │ │ ├─┬ har-validator@5.1.3 
  │ │ │ │ ├─┬ ajv@6.10.0 
  │ │ │ │ │ ├── fast-deep-equal@2.0.1 
  │ │ │ │ │ ├── fast-json-stable-stringify@2.0.0 
  │ │ │ │ │ ├── json-schema-traverse@0.4.1 
  │ │ │ │ │ └─┬ uri-js@4.2.2 
  │ │ │ │ │   └── punycode@2.1.1 
  │ │ │ │ └── har-schema@2.0.0 
  │ │ │ ├─┬ http-signature@1.2.0 
  │ │ │ │ ├── assert-plus@1.0.0 
  │ │ │ │ ├─┬ jsprim@1.4.1 
  │ │ │ │ │ ├── extsprintf@1.3.0 
  │ │ │ │ │ ├── json-schema@0.2.3 
  │ │ │ │ │ └── verror@1.10.0 
  │ │ │ │ └─┬ sshpk@1.16.1 
  │ │ │ │   ├── asn1@0.2.4 
  │ │ │ │   ├── bcrypt-pbkdf@1.0.2 
  │ │ │ │   ├── dashdash@1.14.1 
  │ │ │ │   ├── ecc-jsbn@0.1.2 
  │ │ │ │   ├── getpass@0.1.7 
  │ │ │ │   ├── jsbn@0.1.1 
  │ │ │ │   ├── safer-buffer@2.1.2 
  │ │ │ │   └── tweetnacl@0.14.5 
  │ │ │ ├── is-typedarray@1.0.0 
  │ │ │ ├── isstream@0.1.2 
  │ │ │ ├── json-stringify-safe@5.0.1 
  │ │ │ ├─┬ mime-types@2.1.24 
  │ │ │ │ └── mime-db@1.40.0 
  │ │ │ ├── oauth-sign@0.9.0 
  │ │ │ ├── performance-now@2.1.0 
  │ │ │ ├── qs@6.5.2 
  │ │ │ ├── safe-buffer@5.1.2 
  │ │ │ ├─┬ tough-cookie@2.4.3 
  │ │ │ │ ├── psl@1.1.32 
  │ │ │ │ └── punycode@1.4.1 
  │ │ │ ├── tunnel-agent@0.6.0 
  │ │ │ └── uuid@3.3.2 
  │ │ ├─┬ single-line-log@1.1.2 
  │ │ │ └─┬ string-width@1.0.2 
  │ │ │   ├── code-point-at@1.1.0 
  │ │ │   ├─┬ is-fullwidth-code-point@1.0.0 
  │ │ │   │ └── number-is-nan@1.0.1 
  │ │ │   └─┬ strip-ansi@3.0.1 
  │ │ │     └── ansi-regex@2.1.1 
  │ │ └── throttleit@0.0.2 
  │ ├── path-exists@3.0.0 
  │ ├─┬ rc@1.2.8 
  │ │ ├── deep-extend@0.6.0 
  │ │ ├── ini@1.3.5 
  │ │ └── strip-json-comments@2.0.1 
  │ ├── semver@5.7.0 
  │ └─┬ sumchecker@2.0.2 
  │   └─┬ debug@2.6.9 
  │     └── ms@2.0.0 
  └─┬ extract-zip@1.6.7 
    ├─┬ concat-stream@1.6.2 
    │ ├── buffer-from@1.1.1 
    │ ├── inherits@2.0.3 
    │ ├─┬ readable-stream@2.3.6 
    │ │ ├── core-util-is@1.0.2 
    │ │ ├── isarray@1.0.0 
    │ │ ├── process-nextick-args@2.0.0 
    │ │ ├── string_decoder@1.1.1 
    │ │ └── util-deprecate@1.0.2 
    │ └── typedarray@0.0.6 
    ├─┬ debug@2.6.9 
    │ └── ms@2.0.0 
    ├─┬ mkdirp@0.5.1 
    │ └── minimist@0.0.8 
    └─┬ yauzl@2.4.1 
      └─┬ fd-slicer@1.0.1 
        └── pend@1.2.0 

[91mnpm[0m[91m WARN[0m[91m [0m[91mdeprecated standard-format@1.6.10: standard-format is deprecated in favor of a built-in autofixer in 'standard'. Usage: standard --fix
[0m[91mnpm WARN[0m[91m deprecated circular-json@0.3.3: CircularJSON is in maintenance only, flatted is its successor.
[0m[91mnpm WARN deprecated minimatch@2.0.10: Please update to minimatch 3.0.2 or higher to avoid a RegExp DoS issue
[0m[91mnpm WARN deprecated core-js@1.2.7: core-js@<2.6.8 is no longer maintained. Please, upgrade to core-js@3 or at least to actual version of core-js@2.
[0m
> core-js@2.6.9 postinstall /opt/protonmail/node_modules/electron/node_modules/babel-runtime/node_modules/core-js
> node scripts/postinstall || echo "ignore"


> spawn-sync@1.0.15 postinstall /opt/protonmail/node_modules/electron/node_modules/spawn-sync
> node postinstall


> electron@6.0.0-wvvmp-beta.7 postinstall /opt/protonmail/node_modules/electron
> node install.js

electron@6.0.0-wvvmp-beta.7 (git+https://github.com/castlabs/electron-releases.git#5b4716467259d17c67606cb22ad240c92d583871) /opt/protonmail/node_modules/electron
├── @types/node@8.10.49 
├─┬ electron-download@4.1.1 
│ ├─┬ debug@3.2.6 
│ │ └── ms@2.1.2 
│ ├── env-paths@1.0.0 
│ ├─┬ fs-extra@4.0.3 
│ │ ├── graceful-fs@4.1.15 
│ │ ├── jsonfile@4.0.0 
│ │ └── universalify@0.1.2 
│ ├── minimist@1.2.0 
│ ├─┬ nugget@2.0.1 
│ │ ├─┬ debug@2.6.9 
│ │ │ └── ms@2.0.0 
│ │ ├─┬ pretty-bytes@1.0.4 
│ │ │ └─┬ meow@3.7.0 
│ │ │   ├─┬ camelcase-keys@2.1.0 
│ │ │   │ └── camelcase@2.1.1 
│ │ │   ├── decamelize@1.2.0 
│ │ │   ├─┬ loud-rejection@1.6.0 
│ │ │   │ ├─┬ currently-unhandled@0.4.1 
│ │ │   │ │ └── array-find-index@1.0.2 
│ │ │   │ └── signal-exit@3.0.2 
│ │ │   ├── map-obj@1.0.1 
│ │ │   ├─┬ normalize-package-data@2.5.0 
│ │ │   │ ├── hosted-git-info@2.7.1 
│ │ │   │ └─┬ validate-npm-package-license@3.0.4 
│ │ │   │   ├─┬ spdx-correct@3.1.0 
│ │ │   │   │ └── spdx-license-ids@3.0.4 
│ │ │   │   └─┬ spdx-expression-parse@3.0.0 
│ │ │   │     └── spdx-exceptions@2.2.0 
│ │ │   ├─┬ read-pkg-up@1.0.1 
│ │ │   │ ├─┬ find-up@1.1.2 
│ │ │   │ │ └── path-exists@2.1.0 
│ │ │   │ └─┬ read-pkg@1.1.0 
│ │ │   │   ├─┬ load-json-file@1.1.0 
│ │ │   │   │ ├─┬ parse-json@2.2.0 
│ │ │   │   │ │ └─┬ error-ex@1.3.2 
│ │ │   │   │ │   └── is-arrayish@0.2.1 
│ │ │   │   │ ├── pify@2.3.0 
│ │ │   │   │ └─┬ strip-bom@2.0.0 
│ │ │   │   │   └── is-utf8@0.2.1 
│ │ │   │   └── path-type@1.1.0 
│ │ │   ├─┬ redent@1.0.0 
│ │ │   │ └─┬ indent-string@2.1.0 
│ │ │   │   └── repeating@2.0.1 
│ │ │   └── trim-newlines@1.0.0 
│ │ ├─┬ progress-stream@1.2.0 
│ │ │ ├── speedometer@0.1.4 
│ │ │ └─┬ through2@0.2.3 
│ │ │   ├─┬ readable-stream@1.1.14 
│ │ │   │ └── string_decoder@0.10.31 
│ │ │   └─┬ xtend@2.1.2 
│ │ │     └── object-keys@0.4.0 
│ │ ├─┬ request@2.88.0 
│ │ │ ├── aws-sign2@0.7.0 
│ │ │ ├── aws4@1.8.0 
│ │ │ ├── caseless@0.12.0 
│ │ │ ├─┬ combined-stream@1.0.8 
│ │ │ │ └── delayed-stream@1.0.0 
│ │ │ ├── extend@3.0.2 
│ │ │ ├── forever-agent@0.6.1 
│ │ │ ├─┬ form-data@2.3.3 
│ │ │ │ └── asynckit@0.4.0 
│ │ │ ├─┬ har-validator@5.1.3 
│ │ │ │ ├─┬ ajv@6.10.0 
│ │ │ │ │ ├── fast-deep-equal@2.0.1 
│ │ │ │ │ ├── fast-json-stable-stringify@2.0.0 
│ │ │ │ │ ├── json-schema-traverse@0.4.1 
│ │ │ │ │ └─┬ uri-js@4.2.2 
│ │ │ │ │   └── punycode@2.1.1 
│ │ │ │ └── har-schema@2.0.0 
│ │ │ ├─┬ http-signature@1.2.0 
│ │ │ │ ├── assert-plus@1.0.0 
│ │ │ │ ├─┬ jsprim@1.4.1 
│ │ │ │ │ ├── extsprintf@1.3.0 
│ │ │ │ │ ├── json-schema@0.2.3 
│ │ │ │ │ └── verror@1.10.0 
│ │ │ │ └─┬ sshpk@1.16.1 
│ │ │ │   ├── asn1@0.2.4 
│ │ │ │   ├── bcrypt-pbkdf@1.0.2 
│ │ │ │   ├── dashdash@1.14.1 
│ │ │ │   ├── ecc-jsbn@0.1.2 
│ │ │ │   ├── getpass@0.1.7 
│ │ │ │   ├── jsbn@0.1.1 
│ │ │ │   ├── safer-buffer@2.1.2 
│ │ │ │   └── tweetnacl@0.14.5 
│ │ │ ├── is-typedarray@1.0.0 
│ │ │ ├── isstream@0.1.2 
│ │ │ ├── json-stringify-safe@5.0.1 
│ │ │ ├─┬ mime-types@2.1.24 
│ │ │ │ └── mime-db@1.40.0 
│ │ │ ├── oauth-sign@0.9.0 
│ │ │ ├── performance-now@2.1.0 
│ │ │ ├── qs@6.5.2 
│ │ │ ├── safe-buffer@5.1.2 
│ │ │ ├─┬ tough-cookie@2.4.3 
│ │ │ │ ├── psl@1.1.32 
│ │ │ │ └── punycode@1.4.1 
│ │ │ ├── tunnel-agent@0.6.0 
│ │ │ └── uuid@3.3.2 
│ │ ├─┬ single-line-log@1.1.2 
│ │ │ └─┬ string-width@1.0.2 
│ │ │   ├── code-point-at@1.1.0 
│ │ │   ├─┬ is-fullwidth-code-point@1.0.0 
│ │ │   │ └── number-is-nan@1.0.1 
│ │ │   └── strip-ansi@3.0.1 
│ │ └── throttleit@0.0.2 
│ ├─┬ rc@1.2.8 
│ │ ├── deep-extend@0.6.0 
│ │ ├── ini@1.3.5 
│ │ └── strip-json-comments@2.0.1 
│ ├── semver@5.7.0 
│ └─┬ sumchecker@2.0.2 
│   └─┬ debug@2.6.9 
│     └── ms@2.0.0 
├─┬ extract-zip@1.6.7 
│ ├─┬ concat-stream@1.6.2 
│ │ ├── buffer-from@1.1.1 
│ │ ├── inherits@2.0.3 
│ │ ├─┬ readable-stream@2.3.6 
│ │ │ ├── core-util-is@1.0.2 
│ │ │ ├── isarray@1.0.0 
│ │ │ ├── process-nextick-args@2.0.0 
│ │ │ ├── string_decoder@1.1.1 
│ │ │ └── util-deprecate@1.0.2 
│ │ └── typedarray@0.0.6 
│ ├─┬ debug@2.6.9 
│ │ └── ms@2.0.0 
│ ├─┬ mkdirp@0.5.1 
│ │ └── minimist@0.0.8 
│ └─┬ yauzl@2.4.1 
│   └─┬ fd-slicer@1.0.1 
│     └── pend@1.2.0 
├── home-path@0.1.2 
├─┬ path-exists@2.1.0 
│ └─┬ pinkie-promise@2.0.1 
│   └── pinkie@2.0.4 
└─┬ standard@5.4.1 
  ├── eslint-config-standard@4.4.0 
  ├── eslint-config-standard-react@1.2.1 
  ├── eslint-plugin-react@3.16.1 
  ├── eslint-plugin-standard@1.3.3 
  ├─┬ standard-engine@2.2.5 
  │ ├─┬ defaults@1.0.3 
  │ │ └── clone@1.0.4 
  │ ├─┬ deglob@1.1.2 
  │ │ ├── find-root@1.1.0 
  │ │ ├─┬ glob@7.1.4 
  │ │ │ ├── fs.realpath@1.0.0 
  │ │ │ ├── inflight@1.0.6 
  │ │ │ └── once@1.4.0 
  │ │ ├── ignore@3.3.10 
  │ │ ├── run-parallel@1.1.9 
  │ │ ├── uniq@1.0.1 
  │ │ └── xtend@4.0.1 
  │ ├─┬ dezalgo@1.0.3 
  │ │ ├── asap@2.0.6 
  │ │ └── wrappy@1.0.2 
  │ ├─┬ eslint@1.9.0 
  │ │ ├─┬ chalk@1.1.3 
  │ │ │ ├── ansi-styles@2.2.1 
  │ │ │ ├── has-ansi@2.0.0 
  │ │ │ └── supports-color@2.0.0 
  │ │ ├─┬ debug@2.6.9 
  │ │ │ └── ms@2.0.0 
  │ │ ├─┬ doctrine@0.7.2 
  │ │ │ ├── esutils@1.1.6 
  │ │ │ └── isarray@0.0.1 
  │ │ ├── escape-string-regexp@1.0.5 
  │ │ ├─┬ escope@3.6.0 
  │ │ │ ├─┬ es6-map@0.1.5 
  │ │ │ │ ├── d@1.0.0 
  │ │ │ │ ├─┬ es5-ext@0.10.50 
  │ │ │ │ │ └── next-tick@1.0.0 
  │ │ │ │ ├── es6-iterator@2.0.3 
  │ │ │ │ ├── es6-set@0.1.5 
  │ │ │ │ ├── es6-symbol@3.1.1 
  │ │ │ │ └── event-emitter@0.3.5 
  │ │ │ ├── es6-weak-map@2.0.3 
  │ │ │ └── esrecurse@4.2.1 
  │ │ ├── espree@2.2.5 
  │ │ ├── estraverse@4.2.0 
  │ │ ├── estraverse-fb@1.3.2 
  │ │ ├── esutils@2.0.2 
  │ │ ├─┬ file-entry-cache@1.3.1 
  │ │ │ └─┬ flat-cache@1.3.4 
  │ │ │   ├── circular-json@0.3.3 
  │ │ │   ├── rimraf@2.6.3 
  │ │ │   └── write@0.2.1 
  │ │ ├── glob@5.0.15 
  │ │ ├── globals@8.18.0 
  │ │ ├─┬ handlebars@4.1.2 
  │ │ │ ├── neo-async@2.6.1 
  │ │ │ ├─┬ optimist@0.6.1 
  │ │ │ │ └── minimist@0.0.10 
  │ │ │ ├── source-map@0.6.1 
  │ │ │ └─┬ uglify-js@3.6.0 
  │ │ │   └── commander@2.20.0 
  │ │ ├─┬ inquirer@0.11.4 
  │ │ │ ├── ansi-escapes@1.4.0 
  │ │ │ ├── ansi-regex@2.1.1 
  │ │ │ ├─┬ cli-cursor@1.0.2 
  │ │ │ │ └─┬ restore-cursor@1.0.1 
  │ │ │ │   ├── exit-hook@1.1.1 
  │ │ │ │   └── onetime@1.1.0 
  │ │ │ ├── cli-width@1.1.1 
  │ │ │ ├── figures@1.7.0 
  │ │ │ ├── lodash@3.10.1 
  │ │ │ ├─┬ readline2@1.0.1 
  │ │ │ │ └── mute-stream@0.0.5 
  │ │ │ ├── run-async@0.1.0 
  │ │ │ ├── rx-lite@3.1.2 
  │ │ │ └── through@2.3.8 
  │ │ ├─┬ is-my-json-valid@2.20.0 
  │ │ │ ├─┬ generate-function@2.3.1 
  │ │ │ │ └── is-property@1.0.2 
  │ │ │ ├── generate-object-property@1.2.0 
  │ │ │ ├── is-my-ip-valid@1.0.0 
  │ │ │ ├── jsonpointer@4.0.1 
  │ │ │ └── xtend@4.0.1 
  │ │ ├── is-resolvable@1.1.0 
  │ │ ├─┬ js-yaml@3.13.1 
  │ │ │ ├─┬ argparse@1.0.10 
  │ │ │ │ └── sprintf-js@1.0.3 
  │ │ │ └── esprima@4.0.1 
  │ │ ├─┬ json-stable-stringify@1.0.1 
  │ │ │ └── jsonify@0.0.0 
  │ │ ├─┬ lodash.clonedeep@3.0.2 
  │ │ │ ├─┬ lodash._baseclone@3.3.0 
  │ │ │ │ ├── lodash._baseassign@3.2.0 
  │ │ │ │ └── lodash._basefor@3.0.3 
  │ │ │ └── lodash._bindcallback@3.0.1 
  │ │ ├─┬ lodash.merge@3.3.2 
  │ │ │ ├── lodash._arraycopy@3.0.0 
  │ │ │ ├── lodash._arrayeach@3.0.0 
  │ │ │ ├─┬ lodash._createassigner@3.1.1 
  │ │ │ │ └── lodash._isiterateecall@3.0.9 
  │ │ │ ├── lodash._getnative@3.9.1 
  │ │ │ ├── lodash.isarguments@3.1.0 
  │ │ │ ├── lodash.isarray@3.0.4 
  │ │ │ ├── lodash.isplainobject@3.2.0 
  │ │ │ ├── lodash.istypedarray@3.0.6 
  │ │ │ ├── lodash.keys@3.1.2 
  │ │ │ ├── lodash.keysin@3.0.8 
  │ │ │ └─┬ lodash.toplainobject@3.0.0 
  │ │ │   └── lodash._basecopy@3.0.1 
  │ │ ├─┬ lodash.omit@3.1.0 
  │ │ │ ├── lodash._arraymap@3.0.0 
  │ │ │ ├─┬ lodash._basedifference@3.0.3 
  │ │ │ │ ├── lodash._baseindexof@3.1.0 
  │ │ │ │ ├── lodash._cacheindexof@3.0.2 
  │ │ │ │ └── lodash._createcache@3.1.2 
  │ │ │ ├── lodash._baseflatten@3.1.4 
  │ │ │ ├── lodash._pickbyarray@3.0.2 
  │ │ │ ├── lodash._pickbycallback@3.0.0 
  │ │ │ └── lodash.restparam@3.6.1 
  │ │ ├─┬ minimatch@3.0.4 
  │ │ │ └─┬ brace-expansion@1.1.11 
  │ │ │   ├── balanced-match@1.0.0 
  │ │ │   └── concat-map@0.0.1 
  │ │ ├── object-assign@4.1.1 
  │ │ ├─┬ optionator@0.6.0 
  │ │ │ ├── deep-is@0.1.3 
  │ │ │ ├── fast-levenshtein@1.0.7 
  │ │ │ ├── levn@0.2.5 
  │ │ │ ├── prelude-ls@1.1.2 
  │ │ │ ├── type-check@0.3.2 
  │ │ │ └── wordwrap@0.0.3 
  │ │ ├── path-is-absolute@1.0.1 
  │ │ ├── path-is-inside@1.0.2 
  │ │ ├── shelljs@0.5.3 
  │ │ ├── strip-json-comments@1.0.4 
  │ │ ├── text-table@0.2.0 
  │ │ ├── to-double-quotes@2.0.0 
  │ │ ├── to-single-quotes@2.0.1 
  │ │ ├─┬ user-home@2.0.0 
  │ │ │ └── os-homedir@1.0.2 
  │ │ └── xml-escape@1.0.0 
  │ ├── find-root@0.1.2 
  │ ├── get-stdin@4.0.1 
  │ ├─┬ multiline@1.0.2 
  │ │ └── strip-indent@1.0.1 
  │ ├─┬ pkg-config@1.1.1 
  │ │ ├── debug-log@1.0.1 
  │ │ ├── find-root@1.1.0 
  │ │ └── xtend@4.0.1 
  │ └── xtend@4.0.1 
  └─┬ standard-format@1.6.10 
    ├─┬ esformatter@0.8.2 
    │ ├── debug@0.7.4 
    │ ├─┬ disparity@2.0.0 
    │ │ └── diff@1.4.0 
    │ ├── glob@5.0.15 
    │ ├── mout@1.1.0 
    │ ├─┬ npm-run@2.0.0 
    │ │ ├─┬ npm-path@1.1.0 
    │ │ │ └─┬ which@1.3.1 
    │ │ │   └── isexe@2.0.0 
    │ │ ├── npm-which@2.0.0 
    │ │ ├─┬ serializerr@1.0.3 
    │ │ │ └── protochain@1.0.5 
    │ │ ├─┬ spawn-sync@1.0.15 
    │ │ │ └── os-shim@0.1.3 
    │ │ └── sync-exec@0.5.0 
    │ ├─┬ resolve@1.11.0 
    │ │ └── path-parse@1.0.6 
    │ ├─┬ rocambole@0.7.0 
    │ │ └── esprima@2.7.3 
    │ ├─┬ rocambole-indent@2.0.4 
    │ │ ├─┬ debug@2.6.9 
    │ │ │ └── ms@2.0.0 
    │ │ └── mout@0.11.1 
    │ ├─┬ rocambole-linebreak@1.0.2 
    │ │ ├─┬ debug@2.6.9 
    │ │ │ └── ms@2.0.0 
    │ │ └── semver@4.3.6 
    │ ├── rocambole-node@1.0.0 
    │ ├── rocambole-token@1.2.1 
    │ ├─┬ rocambole-whitespace@1.0.0 
    │ │ ├─┬ debug@2.6.9 
    │ │ │ └── ms@2.0.0 
    │ │ └── repeat-string@1.6.1 
    │ ├── strip-json-comments@0.1.3 
    │ └── supports-color@1.3.1 
    ├─┬ esformatter-eol-last@1.0.0 
    │ └── string.prototype.endswith@0.2.0 
    ├─┬ esformatter-jsx@2.3.11 
    │ ├─┬ babel-core@5.8.38 
    │ │ ├── babel-plugin-constant-folding@1.0.1 
    │ │ ├── babel-plugin-dead-code-elimination@1.0.2 
    │ │ ├── babel-plugin-eval@1.0.1 
    │ │ ├── babel-plugin-inline-environment-variables@1.0.1 
    │ │ ├── babel-plugin-jscript@1.0.4 
    │ │ ├── babel-plugin-member-expression-literals@1.0.1 
    │ │ ├── babel-plugin-property-literals@1.0.1 
    │ │ ├── babel-plugin-proto-to-assign@1.0.4 
    │ │ ├── babel-plugin-react-constant-elements@1.0.3 
    │ │ ├── babel-plugin-react-display-name@1.0.3 
    │ │ ├── babel-plugin-remove-console@1.0.1 
    │ │ ├── babel-plugin-remove-debugger@1.0.1 
    │ │ ├── babel-plugin-runtime@1.0.7 
    │ │ ├─┬ babel-plugin-undeclared-variables-check@1.0.2 
    │ │ │ └── leven@1.0.2 
    │ │ ├── babel-plugin-undefined-to-void@1.1.6 
    │ │ ├── babylon@5.8.38 
    │ │ ├── bluebird@2.11.0 
    │ │ ├── convert-source-map@1.6.0 
    │ │ ├── core-js@1.2.7 
    │ │ ├─┬ debug@2.6.9 
    │ │ │ └── ms@2.0.0 
    │ │ ├─┬ detect-indent@3.0.1 
    │ │ │ └── repeating@1.1.3 
    │ │ ├── fs-readdir-recursive@0.1.2 
    │ │ ├── globals@6.4.1 
    │ │ ├─┬ home-or-tmp@1.0.0 
    │ │ │ ├── os-tmpdir@1.0.2 
    │ │ │ └── user-home@1.1.1 
    │ │ ├── is-integer@1.0.7 
    │ │ ├── js-tokens@1.0.1 
    │ │ ├── json5@0.4.0 
    │ │ ├── minimatch@2.0.10 
    │ │ ├── output-file-sync@1.1.2 
    │ │ ├── path-exists@1.0.0 
    │ │ ├── private@0.1.8 
    │ │ ├─┬ regenerator@0.8.40 
    │ │ │ ├─┬ commoner@0.10.8 
    │ │ │ │ ├─┬ detective@4.7.1 
    │ │ │ │ │ ├── acorn@5.7.3 
    │ │ │ │ │ └── defined@1.0.0 
    │ │ │ │ ├── glob@5.0.15 
    │ │ │ │ ├── iconv-lite@0.4.24 
    │ │ │ │ ├── q@1.5.1 
    │ │ │ │ └─┬ recast@0.11.23 
    │ │ │ │   ├── ast-types@0.9.6 
    │ │ │ │   ├── esprima@3.1.3 
    │ │ │ │   └── source-map@0.5.7 
    │ │ │ ├─┬ defs@1.1.1 
    │ │ │ │ ├─┬ alter@0.2.0 
    │ │ │ │ │ └── stable@0.1.8 
    │ │ │ │ ├── ast-traverse@0.1.1 
    │ │ │ │ ├── breakable@1.0.0 
    │ │ │ │ ├── esprima-fb@15001.1001.0-dev-harmony-fb 
    │ │ │ │ ├── simple-fmt@0.1.0 
    │ │ │ │ ├── simple-is@0.2.0 
    │ │ │ │ ├── stringmap@0.2.2 
    │ │ │ │ ├── stringset@0.2.1 
    │ │ │ │ ├── tryor@0.1.2 
    │ │ │ │ └─┬ yargs@3.27.0 
    │ │ │ │   ├── camelcase@1.2.1 
    │ │ │ │   ├─┬ cliui@2.1.0 
    │ │ │ │   │ ├─┬ center-align@0.1.3 
    │ │ │ │   │ │ ├─┬ align-text@0.1.4 
    │ │ │ │   │ │ │ ├─┬ kind-of@3.2.2 
    │ │ │ │   │ │ │ │ └── is-buffer@1.1.6 
    │ │ │ │   │ │ │ └── longest@1.0.1 
    │ │ │ │   │ │ └── lazy-cache@1.0.4 
    │ │ │ │   │ ├── right-align@0.1.3 
    │ │ │ │   │ └── wordwrap@0.0.2 
    │ │ │ │   ├─┬ os-locale@1.4.0 
    │ │ │ │   │ └─┬ lcid@1.0.0 
    │ │ │ │   │   └── invert-kv@1.0.0 
    │ │ │ │   ├── window-size@0.1.4 
    │ │ │ │   └── y18n@3.2.1 
    │ │ │ ├── esprima-fb@15001.1001.0-dev-harmony-fb 
    │ │ │ └─┬ recast@0.10.33 
    │ │ │   ├── ast-types@0.8.12 
    │ │ │   ├── esprima-fb@15001.1001.0-dev-harmony-fb 
    │ │ │   └── source-map@0.5.7 
    │ │ ├─┬ regexpu@1.3.0 
    │ │ │ ├── esprima@2.7.3 
    │ │ │ ├── regenerate@1.4.0 
    │ │ │ ├── regjsgen@0.2.0 
    │ │ │ └─┬ regjsparser@0.1.5 
    │ │ │   └── jsesc@0.5.0 
    │ │ ├─┬ repeating@1.1.3 
    │ │ │ └── is-finite@1.0.2 
    │ │ ├── shebang-regex@1.0.0 
    │ │ ├── slash@1.0.0 
    │ │ ├── source-map@0.5.7 
    │ │ ├─┬ source-map-support@0.2.10 
    │ │ │ └─┬ source-map@0.1.32 
    │ │ │   └── amdefine@1.0.1 
    │ │ ├── to-fast-properties@1.0.3 
    │ │ ├── trim-right@1.0.1 
    │ │ └── try-resolve@1.0.1 
    │ ├── esformatter-ignore@0.1.3 
    │ ├── extend@2.0.2 
    │ ├─┬ fresh-falafel@1.2.0 
    │ │ ├── acorn@1.2.2 
    │ │ ├── foreach@2.0.5 
    │ │ └── object-keys@1.1.1 
    │ └─┬ js-beautify@1.10.0 
    │   ├─┬ config-chain@1.1.12 
    │   │ └── proto-list@1.2.4 
    │   ├─┬ editorconfig@0.15.3 
    │   │ ├─┬ lru-cache@4.1.5 
    │   │ │ ├── pseudomap@1.0.2 
    │   │ │ └── yallist@2.1.2 
    │   │ └── sigmund@1.0.1 
    │   └─┬ nopt@4.0.1 
    │     ├── abbrev@1.1.1 
    │     └── osenv@0.1.5 
    ├─┬ esformatter-literal-notation@1.0.1 
    │ └─┬ rocambole@0.3.6 
    │   └── esprima@1.0.4 
    ├── esformatter-quotes@1.1.0 
    ├─┬ esformatter-semicolon-first@1.2.0 
    │ └─┬ esformatter-parser@1.0.0 
    │   ├── acorn-to-esprima@2.0.8 
    │   ├─┬ babel-traverse@6.26.0 
    │   │ ├─┬ babel-code-frame@6.26.0 
    │   │ │ └── js-tokens@3.0.2 
    │   │ ├── babel-messages@6.23.0 
    │   │ ├─┬ babel-runtime@6.26.0 
    │   │ │ ├── core-js@2.6.9 
    │   │ │ └── regenerator-runtime@0.11.1 
    │   │ ├─┬ babel-types@6.26.0 
    │   │ │ └── lodash@4.17.11 
    │   │ ├── babylon@6.18.0 
    │   │ ├─┬ debug@2.6.9 
    │   │ │ └── ms@2.0.0 
    │   │ ├── globals@9.18.0 
    │   │ ├─┬ invariant@2.2.4 
    │   │ │ └─┬ loose-envify@1.4.0 
    │   │ │   └── js-tokens@4.0.0 
    │   │ └── lodash@4.17.11 
    │   └── babylon@6.18.0 
    ├── esformatter-spaced-lined-comment@2.0.1 
    └── stdin@0.0.1 

Removing intermediate container 1f79d489e069
 ---> 174fb6a4662d
Step 15/19 : COPY entrypoint.sh /usr/bin/entrypoint.sh
 ---> 8fe827eca558
Step 16/19 : RUN chown root /opt/protonmail/node_modules/electron/dist/chrome-sandbox && chmod 4755 /opt/protonmail/node_modules/electron/dist/chrome-sandbox
 ---> Running in 404709261ac2
Removing intermediate container 404709261ac2
 ---> 17ce47fe392b
Step 17/19 : USER protonmail
 ---> Running in cae4c74950e4
Removing intermediate container cae4c74950e4
 ---> 661db890bf6f
Step 18/19 : WORKDIR $HOME
 ---> Running in db0cabf7e7c7
Removing intermediate container db0cabf7e7c7
 ---> b28f0cdf74df
Step 19/19 : ENTRYPOINT [ "entrypoint.sh" ]
 ---> Running in 6dc80a0e2bbe
Removing intermediate container 6dc80a0e2bbe
 ---> e0fb62e9224e
Successfully built e0fb62e9224e
Successfully tagged protonmail:latest
Done
'protonmail.desktop' -> '/home/ibrahimel/.local/share/applications/protonmail.desktop'
